--------------------------------------------------------------------------------
      name:  <unnamed>
       log:  C:\Users\djachoc\Documents\GitHub\netivreg\Files\manuscript_output.
> log
  log type:  text
 opened on:  30 Oct 2024, 21:15:20

. 
. *-- Load Nodes Simulated Data
. use data_sim.dta, clear

. format y_endo y_exo x1 x2 x3 x4 %9.3f

. list in 1/5, table 

     +--------------------------------------------------------+
     | id   y_exo   y_endo       x1      x2       x3       x4 |
     |--------------------------------------------------------|
  1. |  1   4.072    4.555   -0.523   0.926    2.136   -0.546 |
  2. |  2   4.584    4.665    2.611   1.455   -0.926    0.759 |
  3. |  3   3.887    3.671    3.125   0.513   -2.718   -2.132 |
  4. |  4   3.736    3.962   -2.674   1.504    1.769    0.091 |
  5. |  5   6.360    7.002   -0.993   0.345    1.126    1.120 |
     +--------------------------------------------------------+

. 
. *-- Load W Simulated Data
. use W_sim.dta, clear

. list in 113/117, table 

     +-----------------+
     | source   target |
     |-----------------|
113. |     28      259 |
114. |     28      361 |
115. |     29       67 |
116. |     29       79 |
117. |     29      196 |
     +-----------------+

. 
. *-- Load W0 Simulated Data
. use W0_sim.dta, clear

. list in 113/117, table 

     +-----------------+
     | source   target |
     |-----------------|
113. |     30      167 |
114. |     30      325 |
115. |     31       38 |
116. |     31       83 |
117. |     31      132 |
     +-----------------+

. 
. *-- netivreg: Exogenous (G2SLS)
. use data_sim.dta

. frame create edges

. frame edges: use W_sim.dta

. netivreg g3sls y_exo x1 x2 x3 x4 (edges = edges)

Network IV (G3SLS) Regression                         Number of obs =      400
                                                      Wald chi2(10)  =  2021.41
                                                      Prob > chi2   =   0.0000
                                                      R-squared     =   0.8571
                                                      Root MSE      =     .966
------------------------------------------------------------------------------
       y_exo | Coefficient  Std. err.      t    P>|t|     [95% conf. interval]
-------------+----------------------------------------------------------------
W_y          |
       y_exo |   .7187389   .0459317    15.65   0.000     .6284341    .8090436
-------------+----------------------------------------------------------------
W_x          |
          x1 |   .3628661   .0614882     5.90   0.000     .2419763    .4837559
          x2 |   .3197861    .051635     6.19   0.000     .2182683     .421304
          x3 |   .3968142   .0558112     7.11   0.000     .2870856    .5065427
          x4 |   .0671387   .0886706     0.76   0.449    -.1071935    .2414709
-------------+----------------------------------------------------------------
X            |
          x1 |   .3749567   .0303577    12.35   0.000     .3152716    .4346419
          x2 |   .3971781   .0302632    13.12   0.000     .3376787    .4566774
          x3 |   .3118756   .0282055    11.06   0.000     .2564218    .3673295
          x4 |   .0614943   .0490757     1.25   0.211    -.0349917    .1579803
       _cons |   .9875521   .1453766     6.79   0.000     .7017322    1.273372
------------------------------------------------------------------------------

. 
. *-- netivreg: Exogenous (G3SLS)
. frame create edges0

. frame edges0: use W0_sim.dta

. netivreg g3sls y_exo x1 x2 x3 x4 (edges = edges0) 

Network IV (G3SLS) Regression                         Number of obs =      400
                                                      Wald chi2(10)  =  1495.20
                                                      Prob > chi2   =   0.0000
                                                      R-squared     =   0.8562
                                                      Root MSE      =    .9712
------------------------------------------------------------------------------
       y_exo | Coefficient  Std. err.      t    P>|t|     [95% conf. interval]
-------------+----------------------------------------------------------------
W_y          |
       y_exo |   .7066647   .0675054    10.47   0.000     .5739446    .8393847
-------------+----------------------------------------------------------------
W_x          |
          x1 |   .3804765   .0824964     4.61   0.000     .2182832    .5426697
          x2 |    .328785   .0662719     4.96   0.000     .1984902    .4590798
          x3 |   .4072332   .0686797     5.93   0.000     .2722045    .5422619
          x4 |   .0585146   .1069111     0.55   0.584    -.1516796    .2687087
-------------+----------------------------------------------------------------
X            |
          x1 |    .371649   .0390688     9.51   0.000     .2948372    .4484607
          x2 |   .3661416   .0339244    10.79   0.000      .299444    .4328392
          x3 |   .3176699   .0329671     9.64   0.000     .2528543    .3824855
          x4 |   .0702635   .0545833     1.29   0.199    -.0370508    .1775777
       _cons |   1.014104   .2062919     4.92   0.000     .6085203    1.419687
------------------------------------------------------------------------------

. 
. *-- netivreg: Exogenous (GMM)
. netivreg gmm y_exo x1 x2 x3 x4 (edges = edges0) 

Network IV (GMM) Regression                           Number of obs =      400
                                                      Wald chi2(10)  =  2595.42
                                                      Prob > chi2   =   0.0000
                                                      R-squared     =   0.8528
                                                      Root MSE      =    .9813
------------------------------------------------------------------------------
       y_exo | Coefficient  Std. err.      t    P>|t|     [95% conf. interval]
-------------+----------------------------------------------------------------
W_y          |
       y_exo |   .6724429   .0641775    10.48   0.000     .5462656    .7986201
-------------+----------------------------------------------------------------
W_x          |
          x1 |   .4260427   .0713216     5.97   0.000     .2858197    .5662657
          x2 |   .3527208   .0503766     7.00   0.000     .2536772    .4517644
          x3 |   .4349574    .057245     7.60   0.000     .3224099    .5475048
          x4 |   .0389376   .0578986     0.67   0.502    -.0748949      .15277
-------------+----------------------------------------------------------------
X            |
          x1 |   .3812431   .0281434    13.55   0.000     .3259113    .4365748
          x2 |   .4107493   .0194691    21.10   0.000     .3724718    .4490268
          x3 |   .3255457   .0189618    17.17   0.000     .2882657    .3628258
          x4 |   .0422976   .0460273     0.92   0.359    -.0481951    .1327904
       _cons |   1.090851    .203117     5.37   0.000     .6915098    1.490192
------------------------------------------------------------------------------

. 
. *-- netivreg: Endogenous (G3SLS)
. netivreg g3sls y_endo x1 x2 x3 x4 (edges = edges0)

Network IV (G3SLS) Regression                         Number of obs =      400
                                                      Wald chi2(10)  =   822.26
                                                      Prob > chi2   =   0.0000
                                                      R-squared     =   0.8176
                                                      Root MSE      =    1.194
------------------------------------------------------------------------------
      y_endo | Coefficient  Std. err.      t    P>|t|     [95% conf. interval]
-------------+----------------------------------------------------------------
W_y          |
      y_endo |   .7059194   .0934719     7.55   0.000     .5221476    .8896911
-------------+----------------------------------------------------------------
W_x          |
          x1 |   .3464024   .1277675     2.71   0.007     .0952031    .5976017
          x2 |   .3280795   .0870187     3.77   0.000     .1569951    .4991639
          x3 |   .3615469   .0926147     3.90   0.000     .1794604    .5436334
          x4 |   .0500988   .1476019     0.34   0.734    -.2400962    .3402939
-------------+----------------------------------------------------------------
X            |
          x1 |   .3782985   .0560235     6.75   0.000     .2681526    .4884443
          x2 |   .3287283   .0426851     7.70   0.000     .2448066    .4126499
          x3 |   .3442047   .0483468     7.12   0.000     .2491518    .4392576
          x4 |   .0895948   .0745045     1.20   0.230    -.0568859    .2360756
       _cons |   1.035534   .3189017     3.25   0.001     .4085523    1.662515
------------------------------------------------------------------------------

. 
. *-- netivreg: Endogenous (GMM)
. netivreg gmm y_endo x1 x2 x3 x4 (edges = edges0)

Network IV (GMM) Regression                           Number of obs =      400
                                                      Wald chi2(10)  =  5414.09
                                                      Prob > chi2   =   0.0000
                                                      R-squared     =   0.8166
                                                      Root MSE      =    1.194
------------------------------------------------------------------------------
      y_endo | Coefficient  Std. err.      t    P>|t|     [95% conf. interval]
-------------+----------------------------------------------------------------
W_y          |
      y_endo |   .7039281    .076149     9.24   0.000     .5542141     .853642
-------------+----------------------------------------------------------------
W_x          |
          x1 |   .3493545   .0781754     4.47   0.000     .1956565    .5030524
          x2 |   .3245619   .0617699     5.25   0.000     .2031183    .4460055
          x3 |   .3614537   .0623149     5.80   0.000     .2389385    .4839689
          x4 |   .0621016   .0714393     0.87   0.385    -.0783528    .2025561
-------------+----------------------------------------------------------------
X            |
          x1 |   .3877009   .0324968    11.93   0.000       .32381    .4515918
          x2 |   .3859661   .0204085    18.91   0.000     .3458416    .4260905
          x3 |   .3290334   .0246893    13.33   0.000     .2804925    .3775742
          x4 |   .0275173   .0521742     0.53   0.598    -.0750606    .1300951
       _cons |   1.025602   .2586684     3.96   0.000     .5170425    1.534161
------------------------------------------------------------------------------

. 
. *-- netivreg: Endogenous (G3SLS) first
. netivreg g3sls y_endo x1 x2 x3 x4 (edges = edges0), first

Projection of W on W0
------------------------------------------------------------------------------
             | Coefficient  Std. err.      t    P>|t|     [95% conf. interval]
-------------+----------------------------------------------------------------
W_y_endo     |
   W0_y_endo |   .9927161   .0110994    89.44   0.000     .9708939    1.014538
       W0_x1 |   .0038403   .0419735     0.09   0.927    -.0786823     .086363
       W0_x2 |  -.0030277   .0372046    -0.08   0.935    -.0761744     .070119
       W0_x3 |   .0010825   .0378073     0.03   0.977    -.0732492    .0754142
       W0_x4 |    .002885   .0664465     0.04   0.965    -.1277531     .133523
-------------+----------------------------------------------------------------
W_x1         |
   W0_y_endo |  -.0924276   .0041002   -22.54   0.000    -.1004889   -.0843663
       W0_x1 |   .8743972   .0155054    56.39   0.000     .8439126    .9048817
       W0_x2 |   .0074888   .0137437     0.54   0.586    -.0195322    .0345098
       W0_x3 |   .0466023   .0139664     3.34   0.001     .0191436    .0740611
       W0_x4 |   .0143088   .0245459     0.58   0.560      -.03395    .0625676
-------------+----------------------------------------------------------------
W_x2         |
   W0_y_endo |  -.0142514   .0034378    -4.15   0.000    -.0210103   -.0074925
       W0_x1 |   -.010898   .0130003    -0.84   0.402    -.0364575    .0146614
       W0_x2 |   .9506398   .0115233    82.50   0.000     .9279843    .9732953
       W0_x3 |   .0197406   .0117099     1.69   0.093    -.0032819    .0427631
       W0_x4 |   .0103946   .0205802     0.51   0.614    -.0300675    .0508567
-------------+----------------------------------------------------------------
W_x3         |
   W0_y_endo |  -.0311842   .0037837    -8.24   0.000    -.0386233   -.0237451
       W0_x1 |   .0378469   .0143085     2.65   0.008     .0097153    .0659784
       W0_x2 |   .0052678   .0126829     0.42   0.678    -.0196675    .0302031
       W0_x3 |   .9225525   .0128883    71.58   0.000     .8972132    .9478918
       W0_x4 |  -.0186094   .0226513    -0.82   0.412    -.0631432    .0259244
-------------+----------------------------------------------------------------
W_x4         |
   W0_y_endo |   .0140097   .0025567     5.48   0.000     .0089831    .0190363
       W0_x1 |   .0419752   .0096683     4.34   0.000     .0229667    .0609838
       W0_x2 |    .021705   .0085698     2.53   0.012     .0048561    .0385539
       W0_x3 |  -.0496623   .0087087    -5.70   0.000    -.0667841   -.0325404
       W0_x4 |   .8994643   .0153055    58.77   0.000     .8693726    .9295559
------------------------------------------------------------------------------


Network IV (G3SLS) Regression                         Number of obs =      400
                                                      Wald chi2(10)  =   822.26
                                                      Prob > chi2   =   0.0000
                                                      R-squared     =   0.8176
                                                      Root MSE      =    1.194
------------------------------------------------------------------------------
      y_endo | Coefficient  Std. err.      t    P>|t|     [95% conf. interval]
-------------+----------------------------------------------------------------
W_y          |
      y_endo |   .7059194   .0934719     7.55   0.000     .5221476    .8896911
-------------+----------------------------------------------------------------
W_x          |
          x1 |   .3464024   .1277675     2.71   0.007     .0952031    .5976017
          x2 |   .3280795   .0870187     3.77   0.000     .1569951    .4991639
          x3 |   .3615469   .0926147     3.90   0.000     .1794604    .5436334
          x4 |   .0500988   .1476019     0.34   0.734    -.2400962    .3402939
-------------+----------------------------------------------------------------
X            |
          x1 |   .3782985   .0560235     6.75   0.000     .2681526    .4884443
          x2 |   .3287283   .0426851     7.70   0.000     .2448066    .4126499
          x3 |   .3442047   .0483468     7.12   0.000     .2491518    .4392576
          x4 |   .0895948   .0745045     1.20   0.230    -.0568859    .2360756
       _cons |   1.035534   .3189017     3.25   0.001     .4085523    1.662515
------------------------------------------------------------------------------

. 
. *-- netivreg: Endogenous (G3SLS) second
. netivreg g3sls y_endo x1 x2 x3 x4 (edges = edges0), second


2SLS Regression                                       Number of obs =      400
                                                      Wald chi2(10)  =   839.20
                                                      Prob > chi2   =   0.0000
                                                      R-squared     =   0.8095
                                                      Root MSE      =    1.224
------------------------------------------------------------------------------
      y_endo | Coefficient  Std. err.      t    P>|t|     [95% conf. interval]
-------------+----------------------------------------------------------------
W_y          |
      y_endo |   .6568384   .1030623     6.37   0.000     .4542113    .8594655
-------------+----------------------------------------------------------------
W_x          |
          x1 |   .3798965   .1172551     3.24   0.001     .1493653    .6104278
          x2 |   .3556006   .0846906     4.20   0.000     .1890934    .5221079
          x3 |   .3883685   .0915501     4.24   0.000      .208375     .568362
          x4 |   .0558494   .1324023     0.42   0.673    -.2044623     .316161
-------------+----------------------------------------------------------------
X            |
          x1 |    .386902   .0569697     6.79   0.000     .2748958    .4989081
          x2 |   .3387842   .0433598     7.81   0.000     .2535361    .4240324
          x3 |     .35358   .0498306     7.10   0.000     .2556099    .4515501
          x4 |   .0933147   .0753217     1.24   0.216    -.0547726    .2414021
       _cons |   1.194332   .3562142     3.35   0.001     .4939918    1.894673
------------------------------------------------------------------------------


Network IV (G3SLS) Regression                         Number of obs =      400
                                                      Wald chi2(10)  =   822.26
                                                      Prob > chi2   =   0.0000
                                                      R-squared     =   0.8176
                                                      Root MSE      =    1.194
------------------------------------------------------------------------------
      y_endo | Coefficient  Std. err.      t    P>|t|     [95% conf. interval]
-------------+----------------------------------------------------------------
W_y          |
      y_endo |   .7059194   .0934719     7.55   0.000     .5221476    .8896911
-------------+----------------------------------------------------------------
W_x          |
          x1 |   .3464024   .1277675     2.71   0.007     .0952031    .5976017
          x2 |   .3280795   .0870187     3.77   0.000     .1569951    .4991639
          x3 |   .3615469   .0926147     3.90   0.000     .1794604    .5436334
          x4 |   .0500988   .1476019     0.34   0.734    -.2400962    .3402939
-------------+----------------------------------------------------------------
X            |
          x1 |   .3782985   .0560235     6.75   0.000     .2681526    .4884443
          x2 |   .3287283   .0426851     7.70   0.000     .2448066    .4126499
          x3 |   .3442047   .0483468     7.12   0.000     .2491518    .4392576
          x4 |   .0895948   .0745045     1.20   0.230    -.0568859    .2360756
       _cons |   1.035534   .3189017     3.25   0.001     .4085523    1.662515
------------------------------------------------------------------------------

. 
. *-- netivreg: Endogenous (G3SLS) with W = W
. netivreg g3sls y_endo x1 x2 x3 x4 (edges = edges)

Network IV (G3SLS) Regression                         Number of obs =      400
                                                      Wald chi2(10)  =  1797.04
                                                      Prob > chi2   =   0.0000
                                                      R-squared     =   0.8379
                                                      Root MSE      =    1.104
------------------------------------------------------------------------------
      y_endo | Coefficient  Std. err.      t    P>|t|     [95% conf. interval]
-------------+----------------------------------------------------------------
W_y          |
      y_endo |   .9775033   .0571161    17.11   0.000     .8652093    1.089797
-------------+----------------------------------------------------------------
W_x          |
          x1 |   .1499146   .0678751     2.21   0.028     .0164676    .2833615
          x2 |   .1307811    .058853     2.22   0.027     .0150721      .24649
          x3 |    .247199   .0626421     3.95   0.000     .1240406    .3703573
          x4 |    .067066   .0943664     0.71   0.478    -.1184645    .2525964
-------------+----------------------------------------------------------------
X            |
          x1 |   .3444555   .0350054     9.84   0.000     .2756326    .4132784
          x2 |   .3254792   .0347623     9.36   0.000     .2571344    .3938241
          x3 |   .2759635   .0316605     8.72   0.000     .2137169      .33821
          x4 |   .0595883   .0571877     1.04   0.298    -.0528464    .1720231
       _cons |   .1586211   .2008155     0.79   0.430    -.2361952    .5534375
------------------------------------------------------------------------------

. 
. 
. **# ARTICLES DATA
. 
. *-- Data description
. use articles.dta
(Data on articles published in the aer, eca, jpe, & qje between 2000-2002)

. describe

Contains data from articles.dta
 Observations:           729                  Data on articles published in
                                                the aer, eca, jpe, & qje between
                                                2000-2002
    Variables:            12                  12 Sep 2020 14:09
--------------------------------------------------------------------------------
Variable      Storage   Display    Value
    name         type    format    label      Variable label
--------------------------------------------------------------------------------
id              int     %9.0g                 Article unique identifier
lcitations      float   %9.0g                 Log of total citations 8 years
                                                post publication
editor          int     %8.0g                 1 if at least one of the article's
                                                authors was an editor of a T4
                                                journal
diff_gender     int     %8.0g                 1 if article's co-authors are of
                                                different gender
isolated        int     %8.0g                 1 if an article does not share a
                                                co-authorship relationship with
                                                others
n_pages         byte    %8.0g                 Article's number of pages
n_authors       int     %8.0g                 Article's number of authors
n_references    int     %8.0g                 Article's number of bibliographic
                                                references
journal         int     %9.0g      journallab
                                              Journal=aer,eca,jpe,qje
year            int     %9.0g      yearlab    Year=2000,2001,2002
c_alumni        int     %9.0g                 Alumni network components unique
                                                identifiers
c_coauthor      int     %8.0g                 Co-author network components
                                                unique identifiers
--------------------------------------------------------------------------------
Sorted by: year  journal  id

. 
. *-- Summary Statistics I
. gen citations = exp(lcitations)

. tabulate journal year, summarize(citations)

          Means, Standard Deviations and Frequencies of citations

Journal=ae |
r,eca,jpe, |      Year=2000,2001,2002
       qje |      2000       2001       2002 |     Total
-----------+---------------------------------+----------
       aer | 52.417721  54.931821  48.652174 | 51.934364
           | 73.653308  90.712233  49.893607 | 72.800192
           |        79         88         92 |       259
-----------+---------------------------------+----------
       eca | 49.627451  43.328125  37.177779 | 42.195122
           | 52.045351  51.688336  43.565161 | 48.397466
           |        51         64         90 |       205
-----------+---------------------------------+----------
       jpe | 34.530612  32.863637  46.666667 | 38.141844
           | 26.257619  30.229811  35.717172 | 31.362075
           |        49         44         48 |       141
-----------+---------------------------------+----------
       qje | 59.380952  72.285714    102.475 | 77.653226
           |  74.70297  47.771446  100.33303 | 78.338854
           |        42         42         40 |       124
-----------+---------------------------------+----------
     Total | 49.131221  50.794119  52.448149 | 50.902607
           | 61.651186  66.741361  60.112435 | 62.735929
           |       221        238        270 |       729

. 
. *-- Summary Statistics II
. summarize editor diff_gender isolated n_pages n_authors n_references

    Variable |        Obs        Mean    Std. dev.       Min        Max
-------------+---------------------------------------------------------
      editor |        729    .0452675     .208033          0          1
 diff_gender |        729    .1303155    .3368814          0          1
    isolated |        729    .5281207    .4995513          0          1
     n_pages |        729    25.15775    11.53631          3         76
   n_authors |        729    1.888889    .7486251          1          5
-------------+---------------------------------------------------------
n_references |        729    31.40329    17.84755          0        177

. 
. frame reset

. 
. *-- Frame edges & edges0
. frame create edges

. frame edges: use edges.dta
(Co-authorship network among articles published in the aer, eca, jpe, & qje betw
> e)

. frame edges: list in 1/5, table 

     +-----------------+
     | source   target |
     |-----------------|
  1. |      4      472 |
  2. |      5      221 |
  3. |      5      463 |
  4. |      5      478 |
  5. |      5      665 |
     +-----------------+

. frame create edges0

. frame edges0: use edges0.dta
(Alumni network among articles published in the aer, eca, jpe, & qje between 200
> 0)

. frame edges0: list in 1/5, table

     +-----------------+
     | source   target |
     |-----------------|
  1. |      2      482 |
  2. |      2      534 |
  3. |      4      129 |
  4. |      4      136 |
  5. |      4      407 |
     +-----------------+

. 
. use articles.dta
(Data on articles published in the aer, eca, jpe, & qje between 2000-2002)

. 
. quietly tabulate journal, g(journal)

. quietly tabulate year, g(year)

. 
. *-- Estimation G3SLS
. netivreg g3sls lcitations editor diff_gender n_pages n_authors n_references is
> olated journal2-journal4 year2-year3 (edges = edges0), wx(editor diff_gender) 
> cluster(c_coauthor)

Network IV (G3SLS) Regression                         Number of obs =      729
Number of clusters (c_coauthor) =    575              Wald chi2(15)  =   253.67
                                                      Prob > chi2   =   0.0000
                                                      R-squared     =   0.1312
                                                      Root MSE      =    1.308
                           (Std. err. adjusted for 575 clusters in c_coauthor)
------------------------------------------------------------------------------
  lcitations | Coefficient  Std. err.      t    P>|t|     [95% conf. interval]
-------------+----------------------------------------------------------------
W_y          |
  lcitations |   .2694309   .1342212     2.01   0.045     .0059155    .5329462
-------------+----------------------------------------------------------------
W_x          |
      editor |   4.309042   4.700963     0.92   0.360    -4.920321    13.53841
 diff_gender |  -2.588718   2.648238    -0.98   0.329    -7.787981    2.610546
-------------+----------------------------------------------------------------
X            |
      editor |   .2174085   .1042592     2.09   0.037     .0127173    .4220996
 diff_gender |   .2156686   .1196222     1.80   0.072    -.0191848     .450522
     n_pages |   .0288559    .004115     7.01   0.000      .020777    .0369349
   n_authors |   .0551324   .0557331     0.99   0.323    -.0542879    .1645528
n_references |   .0116497   .0023924     4.87   0.000     .0069526    .0163468
    isolated |  -.2149587   .0830938    -2.59   0.010    -.3780962   -.0518213
    journal2 |  -.3539591   .1033347    -3.43   0.001    -.5568353    -.151083
    journal3 |  -.4190145   .1176331    -3.56   0.000    -.6499627   -.1880662
    journal4 |  -.2051599    .127077    -1.61   0.107    -.4546493    .0443294
       year2 |   .0398072   .0961562     0.41   0.679    -.1489755    .2285899
       year3 |   .1069783   .0949419     1.13   0.260    -.0794204     .293377
       _cons |   1.974159   .2279187     8.66   0.000     1.526688     2.42163
------------------------------------------------------------------------------

. 
. *-- Estimation GMM
. netivreg gmm lcitations editor diff_gender n_pages n_authors n_references isol
> ated journal2-journal4 year2-year3 (edges = edges0), wx(editor diff_gender) wz
> (editor diff_gender n_pages n_authors n_references isolated) maxp(4)

Network IV (GMM) Regression                           Number of obs =      729
                                                      Wald chi2(15)  =   268.30
                                                      Prob > chi2   =   0.0000
                                                      R-squared     =   0.1637
                                                      Root MSE      =     1.08
------------------------------------------------------------------------------
  lcitations | Coefficient  Std. err.      t    P>|t|     [95% conf. interval]
-------------+----------------------------------------------------------------
W_y          |
  lcitations |   .6824698   .2845921     2.40   0.017     .1237325    1.241207
-------------+----------------------------------------------------------------
W_x          |
      editor |    .296526   .5227753     0.57   0.571    -.7298345    1.322887
 diff_gender |  -2.766341   1.042483    -2.65   0.008     -4.81304    -.719642
-------------+----------------------------------------------------------------
X            |
      editor |  -.2539077   .2636978    -0.96   0.336    -.7716236    .2638082
 diff_gender |    .559131   .1486833     3.76   0.000     .2672223    .8510397
     n_pages |    .029408   .0047013     6.26   0.000     .0201779     .038638
   n_authors |   .0119978   .0541688     0.22   0.825    -.0943514     .118347
n_references |   .0071013   .0027243     2.61   0.009     .0017528    .0124499
    isolated |   1.745843   1.026178     1.70   0.089    -.2688442    3.760531
    journal2 |  -.2656251    .107219    -2.48   0.013    -.4761273   -.0551229
    journal3 |  -.2740145   .1290085    -2.12   0.034    -.5272958   -.0207332
    journal4 |  -.2870047   .1410652    -2.03   0.042    -.5639569   -.0100524
       year2 |   .2030421   .1054519     1.93   0.055    -.0039909     .410075
       year3 |   .1653049   .0907393     1.82   0.069    -.0128429    .3434527
       _cons |   .4873031   .9724358     0.50   0.616    -1.421872    2.396479
------------------------------------------------------------------------------

. 
. log close
      name:  <unnamed>
       log:  C:\Users\djachoc\Documents\GitHub\netivreg\Files\manuscript_output.
> log
  log type:  text
 closed on:  30 Oct 2024, 21:15:27
--------------------------------------------------------------------------------
